Arguments: 
  /usr/local/bin/node /usr/local/Cellar/yarn/1.12.1/libexec/bin/yarn.js add react-native --exact

PATH: 
  /usr/local/share/npm/bin:/Applications/MAMP/bin/php/php7.1.6/bin:/opt/local/bin:/opt/local/sbin:/Users/andre.morita/Library/Android/sdk/platform-tools:/Users/andre.morita/Library/Android/sdk/tools:/Users/andre.morita/Library/Android/sdk/build-tools/28.0.0/zipalign:/usr/local/bin:/Users/andre.morita/bin:/usr/local/bin:/usr/bin:/bin:/usr/sbin:/sbin:/Users/andre.morita/Library/Android/sdk//tools:/Users/andre.morita/Library/Android/sdk//platform-tools

Yarn version: 
  1.12.1

Node version: 
  10.13.0

Platform: 
  darwin x64

Trace: 
  Error: https://registry.yarnpkg.com/react-native: tunneling socket could not be established, statusCode=503
      at ClientRequest.onConnect (/usr/local/Cellar/yarn/1.12.1/libexec/lib/cli.js:136998:19)
      at Object.onceWrapper (events.js:273:13)
      at ClientRequest.emit (events.js:182:13)
      at Socket.socketOnData (_http_client.js:474:11)
      at Socket.emit (events.js:182:13)
      at addChunk (_stream_readable.js:283:12)
      at readableAddChunk (_stream_readable.js:264:11)
      at Socket.Readable.push (_stream_readable.js:219:10)
      at TCP.onStreamRead [as onread] (internal/stream_base_commons.js:94:17)

npm manifest: 
  No manifest

yarn manifest: 
  No manifest

Lockfile: 
  No lockfile
